
Options: -C 0.0250 

J48 pruned tree
------------------

alcohol <= 10.6
|   volatile acidity <= 0.235
|   |   alcohol <= 8.9
|   |   |   pH <= 2.92: 7 (8.0/1.0)
|   |   |   pH > 2.92
|   |   |   |   fixed acidity <= 6.8
|   |   |   |   |   pH <= 3.24
|   |   |   |   |   |   residual sugar <= 12.7
|   |   |   |   |   |   |   volatile acidity <= 0.2: 6 (3.0)
|   |   |   |   |   |   |   volatile acidity > 0.2: 5 (5.0/1.0)
|   |   |   |   |   |   residual sugar > 12.7: 6 (20.0)
|   |   |   |   |   pH > 3.24
|   |   |   |   |   |   free sulfur dioxide <= 28: 6 (2.0/1.0)
|   |   |   |   |   |   free sulfur dioxide > 28: 5 (16.0/3.0)
|   |   |   |   fixed acidity > 6.8
|   |   |   |   |   chlorides <= 0.047
|   |   |   |   |   |   fixed acidity <= 7.7: 5 (8.0)
|   |   |   |   |   |   fixed acidity > 7.7: 7 (7.0/1.0)
|   |   |   |   |   chlorides > 0.047
|   |   |   |   |   |   volatile acidity <= 0.225
|   |   |   |   |   |   |   chlorides <= 0.055
|   |   |   |   |   |   |   |   volatile acidity <= 0.175: 8 (2.0)
|   |   |   |   |   |   |   |   volatile acidity > 0.175: 6 (9.0)
|   |   |   |   |   |   |   chlorides > 0.055: 8 (9.0)
|   |   |   |   |   |   volatile acidity > 0.225: 5 (5.0)
|   |   alcohol > 8.9
|   |   |   citric acid <= 0.23
|   |   |   |   free sulfur dioxide <= 25
|   |   |   |   |   total sulfur dioxide <= 117: 5 (8.0)
|   |   |   |   |   total sulfur dioxide > 117: 6 (3.0/1.0)
|   |   |   |   free sulfur dioxide > 25
|   |   |   |   |   free sulfur dioxide <= 43: 6 (30.0/3.0)
|   |   |   |   |   free sulfur dioxide > 43
|   |   |   |   |   |   density <= 0.9942: 5 (8.0/1.0)
|   |   |   |   |   |   density > 0.9942
|   |   |   |   |   |   |   total sulfur dioxide <= 186: 6 (8.0/1.0)
|   |   |   |   |   |   |   total sulfur dioxide > 186: 5 (5.0)
|   |   |   citric acid > 0.23
|   |   |   |   chlorides <= 0.031
|   |   |   |   |   sulphates <= 0.44: 5 (17.0/4.0)
|   |   |   |   |   sulphates > 0.44: 6 (19.0/4.0)
|   |   |   |   chlorides > 0.031
|   |   |   |   |   fixed acidity <= 7.5
|   |   |   |   |   |   alcohol <= 9.1
|   |   |   |   |   |   |   fixed acidity <= 6.7
|   |   |   |   |   |   |   |   fixed acidity <= 6.45
|   |   |   |   |   |   |   |   |   chlorides <= 0.044: 6 (3.0)
|   |   |   |   |   |   |   |   |   chlorides > 0.044
|   |   |   |   |   |   |   |   |   |   pH <= 3.37: 5 (5.0)
|   |   |   |   |   |   |   |   |   |   pH > 3.37: 6 (2.0)
|   |   |   |   |   |   |   |   fixed acidity > 6.45: 6 (10.0)
|   |   |   |   |   |   |   fixed acidity > 6.7
|   |   |   |   |   |   |   |   density <= 0.99785
|   |   |   |   |   |   |   |   |   chlorides <= 0.046: 5 (3.0/1.0)
|   |   |   |   |   |   |   |   |   chlorides > 0.046: 6 (10.0/1.0)
|   |   |   |   |   |   |   |   density > 0.99785
|   |   |   |   |   |   |   |   |   sulphates <= 0.55
|   |   |   |   |   |   |   |   |   |   free sulfur dioxide <= 52.5: 7 (27.0/1.0)
|   |   |   |   |   |   |   |   |   |   free sulfur dioxide > 52.5: 6 (2.0)
|   |   |   |   |   |   |   |   |   sulphates > 0.55: 6 (6.0/1.0)
|   |   |   |   |   |   alcohol > 9.1
|   |   |   |   |   |   |   chlorides <= 0.039
|   |   |   |   |   |   |   |   citric acid <= 0.44
|   |   |   |   |   |   |   |   |   volatile acidity <= 0.125
|   |   |   |   |   |   |   |   |   |   chlorides <= 0.038: 5 (2.0)
|   |   |   |   |   |   |   |   |   |   chlorides > 0.038
|   |   |   |   |   |   |   |   |   |   |   fixed acidity <= 6.8: 7 (2.0)
|   |   |   |   |   |   |   |   |   |   |   fixed acidity > 6.8: 8 (2.0)
|   |   |   |   |   |   |   |   |   volatile acidity > 0.125
|   |   |   |   |   |   |   |   |   |   sulphates <= 0.56
|   |   |   |   |   |   |   |   |   |   |   total sulfur dioxide <= 190
|   |   |   |   |   |   |   |   |   |   |   |   density <= 0.99435
|   |   |   |   |   |   |   |   |   |   |   |   |   density <= 0.99356
|   |   |   |   |   |   |   |   |   |   |   |   |   |   citric acid <= 0.38: 6 (16.0/4.0)
|   |   |   |   |   |   |   |   |   |   |   |   |   |   citric acid > 0.38: 5 (3.0)
|   |   |   |   |   |   |   |   |   |   |   |   |   density > 0.99356: 5 (6.0/1.0)
|   |   |   |   |   |   |   |   |   |   |   |   density > 0.99435
|   |   |   |   |   |   |   |   |   |   |   |   |   residual sugar <= 14.55
|   |   |   |   |   |   |   |   |   |   |   |   |   |   alcohol <= 10.3: 6 (13.0/5.0)
|   |   |   |   |   |   |   |   |   |   |   |   |   |   alcohol > 10.3: 7 (6.0)
|   |   |   |   |   |   |   |   |   |   |   |   |   residual sugar > 14.55: 5 (2.0)
|   |   |   |   |   |   |   |   |   |   |   total sulfur dioxide > 190: 6 (8.0)
|   |   |   |   |   |   |   |   |   |   sulphates > 0.56
|   |   |   |   |   |   |   |   |   |   |   density <= 0.9927: 6 (4.0/2.0)
|   |   |   |   |   |   |   |   |   |   |   density > 0.9927
|   |   |   |   |   |   |   |   |   |   |   |   free sulfur dioxide <= 25: 4 (2.0)
|   |   |   |   |   |   |   |   |   |   |   |   free sulfur dioxide > 25: 7 (15.0)
|   |   |   |   |   |   |   |   citric acid > 0.44
|   |   |   |   |   |   |   |   |   pH <= 3.07: 4 (2.0/1.0)
|   |   |   |   |   |   |   |   |   pH > 3.07: 6 (9.0)
|   |   |   |   |   |   |   chlorides > 0.039
|   |   |   |   |   |   |   |   sulphates <= 0.81: 6 (337.0/104.0)
|   |   |   |   |   |   |   |   sulphates > 0.81: 7 (6.0/1.0)
|   |   |   |   |   fixed acidity > 7.5
|   |   |   |   |   |   alcohol <= 9: 4 (3.0/1.0)
|   |   |   |   |   |   alcohol > 9
|   |   |   |   |   |   |   fixed acidity <= 13.2
|   |   |   |   |   |   |   |   density <= 0.99196: 4 (2.0)
|   |   |   |   |   |   |   |   density > 0.99196: 6 (150.0/63.0)
|   |   |   |   |   |   |   fixed acidity > 13.2: 7 (2.0)
|   volatile acidity > 0.235
|   |   alcohol <= 9.8
|   |   |   fixed acidity <= 10
|   |   |   |   volatile acidity <= 0.3
|   |   |   |   |   citric acid <= 0.21
|   |   |   |   |   |   sulphates <= 0.53
|   |   |   |   |   |   |   chlorides <= 0.035: 6 (4.0)
|   |   |   |   |   |   |   chlorides > 0.035: 5 (39.0/3.0)
|   |   |   |   |   |   sulphates > 0.53: 4 (4.0/1.0)
|   |   |   |   |   citric acid > 0.21
|   |   |   |   |   |   wine type = red
|   |   |   |   |   |   |   chlorides <= 0.085: 6 (8.0)
|   |   |   |   |   |   |   chlorides > 0.085: 5 (2.0)
|   |   |   |   |   |   wine type = white
|   |   |   |   |   |   |   total sulfur dioxide <= 156
|   |   |   |   |   |   |   |   alcohol <= 8.8: 5 (12.0)
|   |   |   |   |   |   |   |   alcohol > 8.8
|   |   |   |   |   |   |   |   |   pH <= 2.99
|   |   |   |   |   |   |   |   |   |   free sulfur dioxide <= 18: 5 (3.0/1.0)
|   |   |   |   |   |   |   |   |   |   free sulfur dioxide > 18: 6 (14.0/1.0)
|   |   |   |   |   |   |   |   |   pH > 2.99
|   |   |   |   |   |   |   |   |   |   fixed acidity <= 7.3
|   |   |   |   |   |   |   |   |   |   |   citric acid <= 0.22: 5 (7.0)
|   |   |   |   |   |   |   |   |   |   |   citric acid > 0.22
|   |   |   |   |   |   |   |   |   |   |   |   sulphates <= 0.43
|   |   |   |   |   |   |   |   |   |   |   |   |   chlorides <= 0.041
|   |   |   |   |   |   |   |   |   |   |   |   |   |   volatile acidity <= 0.285: 6 (6.0)
|   |   |   |   |   |   |   |   |   |   |   |   |   |   volatile acidity > 0.285: 5 (2.0)
|   |   |   |   |   |   |   |   |   |   |   |   |   chlorides > 0.041
|   |   |   |   |   |   |   |   |   |   |   |   |   |   sulphates <= 0.37: 6 (2.0)
|   |   |   |   |   |   |   |   |   |   |   |   |   |   sulphates > 0.37: 5 (21.0/1.0)
|   |   |   |   |   |   |   |   |   |   |   |   sulphates > 0.43
|   |   |   |   |   |   |   |   |   |   |   |   |   alcohol <= 8.9: 6 (6.0)
|   |   |   |   |   |   |   |   |   |   |   |   |   alcohol > 8.9
|   |   |   |   |   |   |   |   |   |   |   |   |   |   alcohol <= 9: 5 (7.0/1.0)
|   |   |   |   |   |   |   |   |   |   |   |   |   |   alcohol > 9: 6 (37.0/8.0)
|   |   |   |   |   |   |   |   |   |   fixed acidity > 7.3
|   |   |   |   |   |   |   |   |   |   |   pH <= 3.15: 5 (18.0)
|   |   |   |   |   |   |   |   |   |   |   pH > 3.15
|   |   |   |   |   |   |   |   |   |   |   |   volatile acidity <= 0.285: 5 (5.0/1.0)
|   |   |   |   |   |   |   |   |   |   |   |   volatile acidity > 0.285: 6 (3.0)
|   |   |   |   |   |   |   total sulfur dioxide > 156
|   |   |   |   |   |   |   |   fixed acidity <= 6.9
|   |   |   |   |   |   |   |   |   free sulfur dioxide <= 67: 5 (171.0/58.0)
|   |   |   |   |   |   |   |   |   free sulfur dioxide > 67
|   |   |   |   |   |   |   |   |   |   fixed acidity <= 6.8: 6 (14.0/3.0)
|   |   |   |   |   |   |   |   |   |   fixed acidity > 6.8: 5 (2.0)
|   |   |   |   |   |   |   |   fixed acidity > 6.9
|   |   |   |   |   |   |   |   |   alcohol <= 9.75
|   |   |   |   |   |   |   |   |   |   fixed acidity <= 7.3
|   |   |   |   |   |   |   |   |   |   |   free sulfur dioxide <= 60
|   |   |   |   |   |   |   |   |   |   |   |   alcohol <= 8.8
|   |   |   |   |   |   |   |   |   |   |   |   |   citric acid <= 0.55: 6 (7.0/1.0)
|   |   |   |   |   |   |   |   |   |   |   |   |   citric acid > 0.55: 5 (3.0)
|   |   |   |   |   |   |   |   |   |   |   |   alcohol > 8.8
|   |   |   |   |   |   |   |   |   |   |   |   |   residual sugar <= 12.8
|   |   |   |   |   |   |   |   |   |   |   |   |   |   sulphates <= 0.48: 5 (8.0)
|   |   |   |   |   |   |   |   |   |   |   |   |   |   sulphates > 0.48
|   |   |   |   |   |   |   |   |   |   |   |   |   |   |   citric acid <= 0.49: 6 (4.0)
|   |   |   |   |   |   |   |   |   |   |   |   |   |   |   citric acid > 0.49: 5 (2.0)
|   |   |   |   |   |   |   |   |   |   |   |   |   residual sugar > 12.8
|   |   |   |   |   |   |   |   |   |   |   |   |   |   residual sugar <= 15: 7 (14.0)
|   |   |   |   |   |   |   |   |   |   |   |   |   |   residual sugar > 15
|   |   |   |   |   |   |   |   |   |   |   |   |   |   |   fixed acidity <= 7.2: 5 (6.0)
|   |   |   |   |   |   |   |   |   |   |   |   |   |   |   fixed acidity > 7.2: 6 (4.0/1.0)
|   |   |   |   |   |   |   |   |   |   |   free sulfur dioxide > 60: 6 (8.0)
|   |   |   |   |   |   |   |   |   |   fixed acidity > 7.3
|   |   |   |   |   |   |   |   |   |   |   alcohol <= 9.25
|   |   |   |   |   |   |   |   |   |   |   |   sulphates <= 0.6
|   |   |   |   |   |   |   |   |   |   |   |   |   free sulfur dioxide <= 55
|   |   |   |   |   |   |   |   |   |   |   |   |   |   sulphates <= 0.46
|   |   |   |   |   |   |   |   |   |   |   |   |   |   |   alcohol <= 9
|   |   |   |   |   |   |   |   |   |   |   |   |   |   |   |   alcohol <= 8.8: 5 (2.0)
|   |   |   |   |   |   |   |   |   |   |   |   |   |   |   |   alcohol > 8.8: 6 (8.0)
|   |   |   |   |   |   |   |   |   |   |   |   |   |   |   alcohol > 9: 5 (5.0)
|   |   |   |   |   |   |   |   |   |   |   |   |   |   sulphates > 0.46
|   |   |   |   |   |   |   |   |   |   |   |   |   |   |   volatile acidity <= 0.275: 6 (9.0)
|   |   |   |   |   |   |   |   |   |   |   |   |   |   |   volatile acidity > 0.275: 4 (3.0/1.0)
|   |   |   |   |   |   |   |   |   |   |   |   |   free sulfur dioxide > 55
|   |   |   |   |   |   |   |   |   |   |   |   |   |   free sulfur dioxide <= 59.5: 4 (2.0)
|   |   |   |   |   |   |   |   |   |   |   |   |   |   free sulfur dioxide > 59.5: 5 (4.0)
|   |   |   |   |   |   |   |   |   |   |   |   sulphates > 0.6: 5 (9.0)
|   |   |   |   |   |   |   |   |   |   |   alcohol > 9.25
|   |   |   |   |   |   |   |   |   |   |   |   volatile acidity <= 0.255: 5 (2.0/1.0)
|   |   |   |   |   |   |   |   |   |   |   |   volatile acidity > 0.255: 6 (12.0)
|   |   |   |   |   |   |   |   |   alcohol > 9.75: 5 (8.0)
|   |   |   |   volatile acidity > 0.3: 5 (954.0/289.0)
|   |   |   fixed acidity > 10
|   |   |   |   alcohol <= 9.75
|   |   |   |   |   sulphates <= 0.59
|   |   |   |   |   |   density <= 1.0005: 5 (10.0/2.0)
|   |   |   |   |   |   density > 1.0005: 3 (2.0/1.0)
|   |   |   |   |   sulphates > 0.59
|   |   |   |   |   |   residual sugar <= 2.4: 6 (18.0/3.0)
|   |   |   |   |   |   residual sugar > 2.4
|   |   |   |   |   |   |   sulphates <= 0.66: 5 (5.0)
|   |   |   |   |   |   |   sulphates > 0.66
|   |   |   |   |   |   |   |   total sulfur dioxide <= 96: 6 (5.0)
|   |   |   |   |   |   |   |   total sulfur dioxide > 96: 5 (2.0)
|   |   |   |   alcohol > 9.75
|   |   |   |   |   density <= 0.99845: 6 (5.0)
|   |   |   |   |   density > 0.99845: 7 (2.0/1.0)
|   |   alcohol > 9.8
|   |   |   sulphates <= 0.48
|   |   |   |   free sulfur dioxide <= 17
|   |   |   |   |   density <= 0.99152: 6 (4.0/1.0)
|   |   |   |   |   density > 0.99152
|   |   |   |   |   |   wine type = red: 5 (15.0/4.0)
|   |   |   |   |   |   wine type = white
|   |   |   |   |   |   |   chlorides <= 0.035: 5 (9.0)
|   |   |   |   |   |   |   chlorides > 0.035
|   |   |   |   |   |   |   |   volatile acidity <= 0.315
|   |   |   |   |   |   |   |   |   free sulfur dioxide <= 9: 4 (3.0)
|   |   |   |   |   |   |   |   |   free sulfur dioxide > 9: 5 (14.0/3.0)
|   |   |   |   |   |   |   |   volatile acidity > 0.315
|   |   |   |   |   |   |   |   |   volatile acidity <= 0.61: 4 (12.0/1.0)
|   |   |   |   |   |   |   |   |   volatile acidity > 0.61: 5 (2.0)
|   |   |   |   free sulfur dioxide > 17
|   |   |   |   |   citric acid <= 0.05
|   |   |   |   |   |   volatile acidity <= 0.52: 5 (2.0)
|   |   |   |   |   |   volatile acidity > 0.52: 4 (3.0)
|   |   |   |   |   citric acid > 0.05: 6 (165.0/83.0)
|   |   |   sulphates > 0.48
|   |   |   |   total sulfur dioxide <= 14
|   |   |   |   |   pH <= 3.31
|   |   |   |   |   |   free sulfur dioxide <= 4: 5 (3.0/1.0)
|   |   |   |   |   |   free sulfur dioxide > 4
|   |   |   |   |   |   |   pH <= 3.23
|   |   |   |   |   |   |   |   fixed acidity <= 10.1: 6 (5.0)
|   |   |   |   |   |   |   |   fixed acidity > 10.1: 7 (2.0)
|   |   |   |   |   |   |   pH > 3.23: 5 (2.0)
|   |   |   |   |   pH > 3.31
|   |   |   |   |   |   residual sugar <= 4: 4 (5.0/1.0)
|   |   |   |   |   |   residual sugar > 4: 3 (2.0/1.0)
|   |   |   |   total sulfur dioxide > 14
|   |   |   |   |   volatile acidity <= 0.255
|   |   |   |   |   |   citric acid <= 0.51: 6 (60.0/16.0)
|   |   |   |   |   |   citric acid > 0.51: 5 (5.0/1.0)
|   |   |   |   |   volatile acidity > 0.255
|   |   |   |   |   |   chlorides <= 0.039
|   |   |   |   |   |   |   volatile acidity <= 0.46: 6 (46.0/16.0)
|   |   |   |   |   |   |   volatile acidity > 0.46: 3 (2.0/1.0)
|   |   |   |   |   |   chlorides > 0.039
|   |   |   |   |   |   |   sulphates <= 0.72
|   |   |   |   |   |   |   |   residual sugar <= 1.45
|   |   |   |   |   |   |   |   |   wine type = red: 7 (3.0/1.0)
|   |   |   |   |   |   |   |   |   wine type = white
|   |   |   |   |   |   |   |   |   |   free sulfur dioxide <= 8: 4 (5.0/2.0)
|   |   |   |   |   |   |   |   |   |   free sulfur dioxide > 8
|   |   |   |   |   |   |   |   |   |   |   alcohol <= 9.95: 4 (3.0/1.0)
|   |   |   |   |   |   |   |   |   |   |   alcohol > 9.95: 5 (21.0/5.0)
|   |   |   |   |   |   |   |   residual sugar > 1.45
|   |   |   |   |   |   |   |   |   density <= 0.99315
|   |   |   |   |   |   |   |   |   |   free sulfur dioxide <= 34
|   |   |   |   |   |   |   |   |   |   |   pH <= 3.4: 6 (9.0)
|   |   |   |   |   |   |   |   |   |   |   pH > 3.4: 7 (5.0/1.0)
|   |   |   |   |   |   |   |   |   |   free sulfur dioxide > 34
|   |   |   |   |   |   |   |   |   |   |   citric acid <= 0.34: 5 (5.0/1.0)
|   |   |   |   |   |   |   |   |   |   |   citric acid > 0.34: 4 (3.0/2.0)
|   |   |   |   |   |   |   |   |   density > 0.99315
|   |   |   |   |   |   |   |   |   |   total sulfur dioxide <= 19
|   |   |   |   |   |   |   |   |   |   |   residual sugar <= 1.85: 7 (2.0)
|   |   |   |   |   |   |   |   |   |   |   residual sugar > 1.85: 6 (16.0/3.0)
|   |   |   |   |   |   |   |   |   |   total sulfur dioxide > 19
|   |   |   |   |   |   |   |   |   |   |   sulphates <= 0.7
|   |   |   |   |   |   |   |   |   |   |   |   sulphates <= 0.68
|   |   |   |   |   |   |   |   |   |   |   |   |   fixed acidity <= 6.8
|   |   |   |   |   |   |   |   |   |   |   |   |   |   citric acid <= 0.31
|   |   |   |   |   |   |   |   |   |   |   |   |   |   |   chlorides <= 0.084
|   |   |   |   |   |   |   |   |   |   |   |   |   |   |   |   alcohol <= 10.2
|   |   |   |   |   |   |   |   |   |   |   |   |   |   |   |   |   free sulfur dioxide <= 55: 5 (30.0/10.0)
|   |   |   |   |   |   |   |   |   |   |   |   |   |   |   |   |   free sulfur dioxide > 55: 6 (4.0)
|   |   |   |   |   |   |   |   |   |   |   |   |   |   |   |   alcohol > 10.2
|   |   |   |   |   |   |   |   |   |   |   |   |   |   |   |   |   chlorides <= 0.042: 5 (2.0)
|   |   |   |   |   |   |   |   |   |   |   |   |   |   |   |   |   chlorides > 0.042: 6 (18.0/3.0)
|   |   |   |   |   |   |   |   |   |   |   |   |   |   |   chlorides > 0.084: 5 (8.0)
|   |   |   |   |   |   |   |   |   |   |   |   |   |   citric acid > 0.31: 5 (8.0)
|   |   |   |   |   |   |   |   |   |   |   |   |   fixed acidity > 6.8
|   |   |   |   |   |   |   |   |   |   |   |   |   |   chlorides <= 0.068
|   |   |   |   |   |   |   |   |   |   |   |   |   |   |   volatile acidity <= 0.425
|   |   |   |   |   |   |   |   |   |   |   |   |   |   |   |   chlorides <= 0.044
|   |   |   |   |   |   |   |   |   |   |   |   |   |   |   |   |   density <= 0.9947: 7 (2.0)
|   |   |   |   |   |   |   |   |   |   |   |   |   |   |   |   |   density > 0.9947: 6 (8.0/1.0)
|   |   |   |   |   |   |   |   |   |   |   |   |   |   |   |   chlorides > 0.044
|   |   |   |   |   |   |   |   |   |   |   |   |   |   |   |   |   alcohol <= 10.033333
|   |   |   |   |   |   |   |   |   |   |   |   |   |   |   |   |   |   citric acid <= 0.26: 4 (2.0/1.0)
|   |   |   |   |   |   |   |   |   |   |   |   |   |   |   |   |   |   citric acid > 0.26: 6 (6.0)
|   |   |   |   |   |   |   |   |   |   |   |   |   |   |   |   |   alcohol > 10.033333: 5 (27.0/9.0)
|   |   |   |   |   |   |   |   |   |   |   |   |   |   |   volatile acidity > 0.425
|   |   |   |   |   |   |   |   |   |   |   |   |   |   |   |   density <= 0.99704: 6 (8.0/2.0)
|   |   |   |   |   |   |   |   |   |   |   |   |   |   |   |   density > 0.99704: 7 (2.0)
|   |   |   |   |   |   |   |   |   |   |   |   |   |   chlorides > 0.068
|   |   |   |   |   |   |   |   |   |   |   |   |   |   |   total sulfur dioxide <= 79
|   |   |   |   |   |   |   |   |   |   |   |   |   |   |   |   total sulfur dioxide <= 26: 5 (14.0/1.0)
|   |   |   |   |   |   |   |   |   |   |   |   |   |   |   |   total sulfur dioxide > 26
|   |   |   |   |   |   |   |   |   |   |   |   |   |   |   |   |   pH <= 3.16: 5 (13.0/3.0)
|   |   |   |   |   |   |   |   |   |   |   |   |   |   |   |   |   pH > 3.16
|   |   |   |   |   |   |   |   |   |   |   |   |   |   |   |   |   |   pH <= 3.43: 6 (57.0/14.0)
|   |   |   |   |   |   |   |   |   |   |   |   |   |   |   |   |   |   pH > 3.43
|   |   |   |   |   |   |   |   |   |   |   |   |   |   |   |   |   |   |   residual sugar <= 2.25: 5 (9.0/1.0)
|   |   |   |   |   |   |   |   |   |   |   |   |   |   |   |   |   |   |   residual sugar > 2.25: 6 (4.0/1.0)
|   |   |   |   |   |   |   |   |   |   |   |   |   |   |   total sulfur dioxide > 79
|   |   |   |   |   |   |   |   |   |   |   |   |   |   |   |   chlorides <= 0.078: 6 (3.0/1.0)
|   |   |   |   |   |   |   |   |   |   |   |   |   |   |   |   chlorides > 0.078: 5 (17.0)
|   |   |   |   |   |   |   |   |   |   |   |   sulphates > 0.68: 6 (7.0/1.0)
|   |   |   |   |   |   |   |   |   |   |   sulphates > 0.7: 5 (13.0/1.0)
|   |   |   |   |   |   |   sulphates > 0.72
|   |   |   |   |   |   |   |   total sulfur dioxide <= 50
|   |   |   |   |   |   |   |   |   pH <= 3.65
|   |   |   |   |   |   |   |   |   |   residual sugar <= 4.35
|   |   |   |   |   |   |   |   |   |   |   chlorides <= 0.09
|   |   |   |   |   |   |   |   |   |   |   |   chlorides <= 0.058: 7 (3.0)
|   |   |   |   |   |   |   |   |   |   |   |   chlorides > 0.058
|   |   |   |   |   |   |   |   |   |   |   |   |   total sulfur dioxide <= 17: 5 (2.0/1.0)
|   |   |   |   |   |   |   |   |   |   |   |   |   total sulfur dioxide > 17: 6 (21.0/3.0)
|   |   |   |   |   |   |   |   |   |   |   chlorides > 0.09: 7 (8.0/2.0)
|   |   |   |   |   |   |   |   |   |   residual sugar > 4.35: 7 (4.0)
|   |   |   |   |   |   |   |   |   pH > 3.65: 5 (2.0)
|   |   |   |   |   |   |   |   total sulfur dioxide > 50
|   |   |   |   |   |   |   |   |   volatile acidity <= 0.31
|   |   |   |   |   |   |   |   |   |   total sulfur dioxide <= 82: 6 (2.0)
|   |   |   |   |   |   |   |   |   |   total sulfur dioxide > 82: 7 (2.0)
|   |   |   |   |   |   |   |   |   volatile acidity > 0.31
|   |   |   |   |   |   |   |   |   |   sulphates <= 0.99
|   |   |   |   |   |   |   |   |   |   |   fixed acidity <= 10: 5 (11.0)
|   |   |   |   |   |   |   |   |   |   |   fixed acidity > 10
|   |   |   |   |   |   |   |   |   |   |   |   citric acid <= 0.56: 6 (5.0/1.0)
|   |   |   |   |   |   |   |   |   |   |   |   citric acid > 0.56: 5 (2.0)
|   |   |   |   |   |   |   |   |   |   sulphates > 0.99: 6 (8.0/2.0)
alcohol > 10.6
|   alcohol <= 11.6
|   |   volatile acidity <= 0.44
|   |   |   citric acid <= 0.22
|   |   |   |   free sulfur dioxide <= 8: 4 (3.0)
|   |   |   |   free sulfur dioxide > 8
|   |   |   |   |   density <= 0.99094
|   |   |   |   |   |   sulphates <= 0.37: 6 (3.0)
|   |   |   |   |   |   sulphates > 0.37
|   |   |   |   |   |   |   density <= 0.9902: 5 (2.0/1.0)
|   |   |   |   |   |   |   density > 0.9902: 7 (6.0)
|   |   |   |   |   density > 0.99094
|   |   |   |   |   |   pH <= 3.05
|   |   |   |   |   |   |   free sulfur dioxide <= 31: 4 (3.0)
|   |   |   |   |   |   |   free sulfur dioxide > 31: 5 (3.0/1.0)
|   |   |   |   |   |   pH > 3.05
|   |   |   |   |   |   |   density <= 0.99564: 6 (32.0/1.0)
|   |   |   |   |   |   |   density > 0.99564: 5 (2.0)
|   |   |   citric acid > 0.22
|   |   |   |   residual sugar <= 0.95: 5 (16.0/8.0)
|   |   |   |   residual sugar > 0.95
|   |   |   |   |   free sulfur dioxide <= 13
|   |   |   |   |   |   alcohol <= 10.7: 5 (6.0/1.0)
|   |   |   |   |   |   alcohol > 10.7
|   |   |   |   |   |   |   wine type = red
|   |   |   |   |   |   |   |   free sulfur dioxide <= 4
|   |   |   |   |   |   |   |   |   volatile acidity <= 0.35: 7 (6.0/1.0)
|   |   |   |   |   |   |   |   |   volatile acidity > 0.35: 4 (3.0/2.0)
|   |   |   |   |   |   |   |   free sulfur dioxide > 4
|   |   |   |   |   |   |   |   |   pH <= 3.28
|   |   |   |   |   |   |   |   |   |   chlorides <= 0.101
|   |   |   |   |   |   |   |   |   |   |   density <= 0.99412: 5 (2.0)
|   |   |   |   |   |   |   |   |   |   |   density > 0.99412
|   |   |   |   |   |   |   |   |   |   |   |   pH <= 3.12: 6 (4.0/1.0)
|   |   |   |   |   |   |   |   |   |   |   |   pH > 3.12
|   |   |   |   |   |   |   |   |   |   |   |   |   citric acid <= 0.59
|   |   |   |   |   |   |   |   |   |   |   |   |   |   alcohol <= 11.05
|   |   |   |   |   |   |   |   |   |   |   |   |   |   |   residual sugar <= 2: 7 (4.0/1.0)
|   |   |   |   |   |   |   |   |   |   |   |   |   |   |   residual sugar > 2: 6 (7.0/1.0)
|   |   |   |   |   |   |   |   |   |   |   |   |   |   alcohol > 11.05: 7 (7.0/1.0)
|   |   |   |   |   |   |   |   |   |   |   |   |   citric acid > 0.59: 7 (5.0)
|   |   |   |   |   |   |   |   |   |   chlorides > 0.101: 5 (2.0)
|   |   |   |   |   |   |   |   |   pH > 3.28: 6 (13.0/3.0)
|   |   |   |   |   |   |   wine type = white
|   |   |   |   |   |   |   |   pH <= 3.17
|   |   |   |   |   |   |   |   |   fixed acidity <= 7.4: 6 (19.0/6.0)
|   |   |   |   |   |   |   |   |   fixed acidity > 7.4
|   |   |   |   |   |   |   |   |   |   chlorides <= 0.045: 5 (9.0/1.0)
|   |   |   |   |   |   |   |   |   |   chlorides > 0.045: 4 (2.0/1.0)
|   |   |   |   |   |   |   |   pH > 3.17
|   |   |   |   |   |   |   |   |   alcohol <= 10.8: 6 (4.0/1.0)
|   |   |   |   |   |   |   |   |   alcohol > 10.8
|   |   |   |   |   |   |   |   |   |   volatile acidity <= 0.235
|   |   |   |   |   |   |   |   |   |   |   pH <= 3.25
|   |   |   |   |   |   |   |   |   |   |   |   free sulfur dioxide <= 10: 6 (2.0)
|   |   |   |   |   |   |   |   |   |   |   |   free sulfur dioxide > 10: 7 (5.0)
|   |   |   |   |   |   |   |   |   |   |   pH > 3.25: 5 (3.0/1.0)
|   |   |   |   |   |   |   |   |   |   volatile acidity > 0.235: 5 (12.0/2.0)
|   |   |   |   |   free sulfur dioxide > 13
|   |   |   |   |   |   citric acid <= 0.24
|   |   |   |   |   |   |   chlorides <= 0.037
|   |   |   |   |   |   |   |   sulphates <= 0.43: 7 (8.0)
|   |   |   |   |   |   |   |   sulphates > 0.43: 6 (4.0)
|   |   |   |   |   |   |   chlorides > 0.037
|   |   |   |   |   |   |   |   volatile acidity <= 0.245: 6 (7.0/2.0)
|   |   |   |   |   |   |   |   volatile acidity > 0.245: 5 (12.0/2.0)
|   |   |   |   |   |   citric acid > 0.24
|   |   |   |   |   |   |   residual sugar <= 10.9
|   |   |   |   |   |   |   |   volatile acidity <= 0.13
|   |   |   |   |   |   |   |   |   pH <= 3.08: 6 (4.0/2.0)
|   |   |   |   |   |   |   |   |   pH > 3.08: 7 (15.0/2.0)
|   |   |   |   |   |   |   |   volatile acidity > 0.13
|   |   |   |   |   |   |   |   |   alcohol <= 10.7
|   |   |   |   |   |   |   |   |   |   total sulfur dioxide <= 159
|   |   |   |   |   |   |   |   |   |   |   total sulfur dioxide <= 77.5: 5 (4.0)
|   |   |   |   |   |   |   |   |   |   |   total sulfur dioxide > 77.5
|   |   |   |   |   |   |   |   |   |   |   |   free sulfur dioxide <= 50.5
|   |   |   |   |   |   |   |   |   |   |   |   |   sulphates <= 0.47
|   |   |   |   |   |   |   |   |   |   |   |   |   |   total sulfur dioxide <= 107: 7 (3.0/1.0)
|   |   |   |   |   |   |   |   |   |   |   |   |   |   total sulfur dioxide > 107
|   |   |   |   |   |   |   |   |   |   |   |   |   |   |   fixed acidity <= 6: 5 (2.0/1.0)
|   |   |   |   |   |   |   |   |   |   |   |   |   |   |   fixed acidity > 6
|   |   |   |   |   |   |   |   |   |   |   |   |   |   |   |   pH <= 3.19: 5 (4.0/1.0)
|   |   |   |   |   |   |   |   |   |   |   |   |   |   |   |   pH > 3.19: 6 (8.0)
|   |   |   |   |   |   |   |   |   |   |   |   |   sulphates > 0.47
|   |   |   |   |   |   |   |   |   |   |   |   |   |   chlorides <= 0.038: 7 (6.0)
|   |   |   |   |   |   |   |   |   |   |   |   |   |   chlorides > 0.038: 6 (13.0/6.0)
|   |   |   |   |   |   |   |   |   |   |   |   free sulfur dioxide > 50.5: 7 (7.0)
|   |   |   |   |   |   |   |   |   |   total sulfur dioxide > 159: 5 (6.0/1.0)
|   |   |   |   |   |   |   |   |   alcohol > 10.7
|   |   |   |   |   |   |   |   |   |   residual sugar <= 10.1
|   |   |   |   |   |   |   |   |   |   |   pH <= 3.24: 6 (370.0/141.0)
|   |   |   |   |   |   |   |   |   |   |   pH > 3.24
|   |   |   |   |   |   |   |   |   |   |   |   chlorides <= 0.035
|   |   |   |   |   |   |   |   |   |   |   |   |   free sulfur dioxide <= 56
|   |   |   |   |   |   |   |   |   |   |   |   |   |   sulphates <= 0.58
|   |   |   |   |   |   |   |   |   |   |   |   |   |   |   volatile acidity <= 0.245
|   |   |   |   |   |   |   |   |   |   |   |   |   |   |   |   volatile acidity <= 0.19
|   |   |   |   |   |   |   |   |   |   |   |   |   |   |   |   |   density <= 0.99144: 7 (5.0)
|   |   |   |   |   |   |   |   |   |   |   |   |   |   |   |   |   density > 0.99144: 6 (7.0/1.0)
|   |   |   |   |   |   |   |   |   |   |   |   |   |   |   |   volatile acidity > 0.19
|   |   |   |   |   |   |   |   |   |   |   |   |   |   |   |   |   alcohol <= 11.35
|   |   |   |   |   |   |   |   |   |   |   |   |   |   |   |   |   |   chlorides <= 0.032
|   |   |   |   |   |   |   |   |   |   |   |   |   |   |   |   |   |   |   citric acid <= 0.37: 6 (6.0)
|   |   |   |   |   |   |   |   |   |   |   |   |   |   |   |   |   |   |   citric acid > 0.37: 8 (2.0)
|   |   |   |   |   |   |   |   |   |   |   |   |   |   |   |   |   |   chlorides > 0.032: 8 (4.0/1.0)
|   |   |   |   |   |   |   |   |   |   |   |   |   |   |   |   |   alcohol > 11.35
|   |   |   |   |   |   |   |   |   |   |   |   |   |   |   |   |   |   citric acid <= 0.26: 6 (2.0)
|   |   |   |   |   |   |   |   |   |   |   |   |   |   |   |   |   |   citric acid > 0.26: 5 (3.0)
|   |   |   |   |   |   |   |   |   |   |   |   |   |   |   volatile acidity > 0.245
|   |   |   |   |   |   |   |   |   |   |   |   |   |   |   |   total sulfur dioxide <= 122
|   |   |   |   |   |   |   |   |   |   |   |   |   |   |   |   |   sulphates <= 0.41: 6 (6.0)
|   |   |   |   |   |   |   |   |   |   |   |   |   |   |   |   |   sulphates > 0.41
|   |   |   |   |   |   |   |   |   |   |   |   |   |   |   |   |   |   alcohol <= 11.05: 6 (3.0/1.0)
|   |   |   |   |   |   |   |   |   |   |   |   |   |   |   |   |   |   alcohol > 11.05: 7 (6.0)
|   |   |   |   |   |   |   |   |   |   |   |   |   |   |   |   total sulfur dioxide > 122: 7 (10.0)
|   |   |   |   |   |   |   |   |   |   |   |   |   |   sulphates > 0.58
|   |   |   |   |   |   |   |   |   |   |   |   |   |   |   free sulfur dioxide <= 40: 7 (13.0)
|   |   |   |   |   |   |   |   |   |   |   |   |   |   |   free sulfur dioxide > 40: 8 (2.0)
|   |   |   |   |   |   |   |   |   |   |   |   |   free sulfur dioxide > 56: 5 (4.0/1.0)
|   |   |   |   |   |   |   |   |   |   |   |   chlorides > 0.035
|   |   |   |   |   |   |   |   |   |   |   |   |   sulphates <= 0.37
|   |   |   |   |   |   |   |   |   |   |   |   |   |   residual sugar <= 5.7: 6 (3.0/1.0)
|   |   |   |   |   |   |   |   |   |   |   |   |   |   residual sugar > 5.7: 8 (3.0)
|   |   |   |   |   |   |   |   |   |   |   |   |   sulphates > 0.37
|   |   |   |   |   |   |   |   |   |   |   |   |   |   sulphates <= 0.86
|   |   |   |   |   |   |   |   |   |   |   |   |   |   |   fixed acidity <= 7.4
|   |   |   |   |   |   |   |   |   |   |   |   |   |   |   |   density <= 0.99636
|   |   |   |   |   |   |   |   |   |   |   |   |   |   |   |   |   fixed acidity <= 6.4: 6 (57.0/15.0)
|   |   |   |   |   |   |   |   |   |   |   |   |   |   |   |   |   fixed acidity > 6.4
|   |   |   |   |   |   |   |   |   |   |   |   |   |   |   |   |   |   fixed acidity <= 7.3
|   |   |   |   |   |   |   |   |   |   |   |   |   |   |   |   |   |   |   volatile acidity <= 0.215
|   |   |   |   |   |   |   |   |   |   |   |   |   |   |   |   |   |   |   |   volatile acidity <= 0.19
|   |   |   |   |   |   |   |   |   |   |   |   |   |   |   |   |   |   |   |   |   fixed acidity <= 6.6: 7 (4.0/1.0)
|   |   |   |   |   |   |   |   |   |   |   |   |   |   |   |   |   |   |   |   |   fixed acidity > 6.6
|   |   |   |   |   |   |   |   |   |   |   |   |   |   |   |   |   |   |   |   |   |   sulphates <= 0.61
|   |   |   |   |   |   |   |   |   |   |   |   |   |   |   |   |   |   |   |   |   |   |   residual sugar <= 1.8: 5 (5.0/1.0)
|   |   |   |   |   |   |   |   |   |   |   |   |   |   |   |   |   |   |   |   |   |   |   residual sugar > 1.8: 7 (3.0)
|   |   |   |   |   |   |   |   |   |   |   |   |   |   |   |   |   |   |   |   |   |   sulphates > 0.61: 6 (4.0/1.0)
|   |   |   |   |   |   |   |   |   |   |   |   |   |   |   |   |   |   |   |   volatile acidity > 0.19: 6 (6.0/1.0)
|   |   |   |   |   |   |   |   |   |   |   |   |   |   |   |   |   |   |   volatile acidity > 0.215
|   |   |   |   |   |   |   |   |   |   |   |   |   |   |   |   |   |   |   |   free sulfur dioxide <= 23.5: 6 (6.0)
|   |   |   |   |   |   |   |   |   |   |   |   |   |   |   |   |   |   |   |   free sulfur dioxide > 23.5
|   |   |   |   |   |   |   |   |   |   |   |   |   |   |   |   |   |   |   |   |   alcohol <= 11.1
|   |   |   |   |   |   |   |   |   |   |   |   |   |   |   |   |   |   |   |   |   |   alcohol <= 10.933333: 6 (5.0/2.0)
|   |   |   |   |   |   |   |   |   |   |   |   |   |   |   |   |   |   |   |   |   |   alcohol > 10.933333: 7 (14.0)
|   |   |   |   |   |   |   |   |   |   |   |   |   |   |   |   |   |   |   |   |   alcohol > 11.1
|   |   |   |   |   |   |   |   |   |   |   |   |   |   |   |   |   |   |   |   |   |   fixed acidity <= 6.8: 7 (3.0)
|   |   |   |   |   |   |   |   |   |   |   |   |   |   |   |   |   |   |   |   |   |   fixed acidity > 6.8: 6 (7.0)
|   |   |   |   |   |   |   |   |   |   |   |   |   |   |   |   |   |   fixed acidity > 7.3: 5 (2.0/1.0)
|   |   |   |   |   |   |   |   |   |   |   |   |   |   |   |   density > 0.99636: 5 (4.0)
|   |   |   |   |   |   |   |   |   |   |   |   |   |   |   fixed acidity > 7.4
|   |   |   |   |   |   |   |   |   |   |   |   |   |   |   |   total sulfur dioxide <= 176: 6 (26.0)
|   |   |   |   |   |   |   |   |   |   |   |   |   |   |   |   total sulfur dioxide > 176: 7 (2.0)
|   |   |   |   |   |   |   |   |   |   |   |   |   |   sulphates > 0.86: 7 (6.0/2.0)
|   |   |   |   |   |   |   |   |   |   residual sugar > 10.1
|   |   |   |   |   |   |   |   |   |   |   chlorides <= 0.038: 6 (2.0)
|   |   |   |   |   |   |   |   |   |   |   chlorides > 0.038: 7 (10.0/1.0)
|   |   |   |   |   |   |   residual sugar > 10.9
|   |   |   |   |   |   |   |   free sulfur dioxide <= 18: 3 (2.0/1.0)
|   |   |   |   |   |   |   |   free sulfur dioxide > 18: 6 (31.0/12.0)
|   |   volatile acidity > 0.44
|   |   |   volatile acidity <= 1.01
|   |   |   |   total sulfur dioxide <= 151
|   |   |   |   |   residual sugar <= 1.55
|   |   |   |   |   |   residual sugar <= 0.9: 4 (2.0)
|   |   |   |   |   |   residual sugar > 0.9: 5 (9.0/1.0)
|   |   |   |   |   residual sugar > 1.55
|   |   |   |   |   |   wine type = red
|   |   |   |   |   |   |   sulphates <= 0.58
|   |   |   |   |   |   |   |   free sulfur dioxide <= 15.5: 5 (39.0/12.0)
|   |   |   |   |   |   |   |   free sulfur dioxide > 15.5
|   |   |   |   |   |   |   |   |   density <= 0.9939: 5 (2.0)
|   |   |   |   |   |   |   |   |   density > 0.9939: 6 (10.0/1.0)
|   |   |   |   |   |   |   sulphates > 0.58
|   |   |   |   |   |   |   |   pH <= 3.08
|   |   |   |   |   |   |   |   |   citric acid <= 0.57: 5 (3.0)
|   |   |   |   |   |   |   |   |   citric acid > 0.57: 7 (2.0)
|   |   |   |   |   |   |   |   pH > 3.08
|   |   |   |   |   |   |   |   |   residual sugar <= 5.3: 6 (105.0/25.0)
|   |   |   |   |   |   |   |   |   residual sugar > 5.3: 7 (4.0/1.0)
|   |   |   |   |   |   wine type = white
|   |   |   |   |   |   |   volatile acidity <= 0.67: 6 (11.0/2.0)
|   |   |   |   |   |   |   volatile acidity > 0.67: 4 (2.0)
|   |   |   |   total sulfur dioxide > 151
|   |   |   |   |   alcohol <= 11.3
|   |   |   |   |   |   total sulfur dioxide <= 252: 5 (5.0)
|   |   |   |   |   |   total sulfur dioxide > 252: 3 (2.0)
|   |   |   |   |   alcohol > 11.3: 7 (2.0)
|   |   |   volatile acidity > 1.01
|   |   |   |   citric acid <= 0.04
|   |   |   |   |   free sulfur dioxide <= 4: 5 (2.0)
|   |   |   |   |   free sulfur dioxide > 4: 3 (3.0)
|   |   |   |   citric acid > 0.04: 4 (3.0)
|   alcohol > 11.6
|   |   volatile acidity <= 0.52
|   |   |   pH <= 2.96
|   |   |   |   volatile acidity <= 0.4: 6 (37.0/9.0)
|   |   |   |   volatile acidity > 0.4: 8 (2.0)
|   |   |   pH > 2.96
|   |   |   |   free sulfur dioxide <= 19.5
|   |   |   |   |   sulphates <= 0.72
|   |   |   |   |   |   sulphates <= 0.32
|   |   |   |   |   |   |   volatile acidity <= 0.335: 6 (4.0/2.0)
|   |   |   |   |   |   |   volatile acidity > 0.335
|   |   |   |   |   |   |   |   volatile acidity <= 0.365: 7 (3.0)
|   |   |   |   |   |   |   |   volatile acidity > 0.365: 8 (3.0)
|   |   |   |   |   |   sulphates > 0.32
|   |   |   |   |   |   |   total sulfur dioxide <= 19
|   |   |   |   |   |   |   |   chlorides <= 0.066: 6 (7.0/2.0)
|   |   |   |   |   |   |   |   chlorides > 0.066: 7 (17.0/3.0)
|   |   |   |   |   |   |   total sulfur dioxide > 19
|   |   |   |   |   |   |   |   fixed acidity <= 6
|   |   |   |   |   |   |   |   |   free sulfur dioxide <= 17
|   |   |   |   |   |   |   |   |   |   free sulfur dioxide <= 9: 4 (4.0/2.0)
|   |   |   |   |   |   |   |   |   |   free sulfur dioxide > 9: 6 (18.0/6.0)
|   |   |   |   |   |   |   |   |   free sulfur dioxide > 17: 7 (11.0/2.0)
|   |   |   |   |   |   |   |   fixed acidity > 6: 6 (126.0/43.0)
|   |   |   |   |   sulphates > 0.72
|   |   |   |   |   |   residual sugar <= 1.65
|   |   |   |   |   |   |   fixed acidity <= 5.5: 8 (2.0)
|   |   |   |   |   |   |   fixed acidity > 5.5: 6 (4.0)
|   |   |   |   |   |   residual sugar > 1.65: 7 (44.0/10.0)
|   |   |   |   free sulfur dioxide > 19.5
|   |   |   |   |   citric acid <= 0.73
|   |   |   |   |   |   free sulfur dioxide <= 60.5
|   |   |   |   |   |   |   residual sugar <= 1.7
|   |   |   |   |   |   |   |   chlorides <= 0.022
|   |   |   |   |   |   |   |   |   total sulfur dioxide <= 100: 6 (2.0/1.0)
|   |   |   |   |   |   |   |   |   total sulfur dioxide > 100: 7 (7.0/1.0)
|   |   |   |   |   |   |   |   chlorides > 0.022
|   |   |   |   |   |   |   |   |   wine type = red: 6 (5.0)
|   |   |   |   |   |   |   |   |   wine type = white
|   |   |   |   |   |   |   |   |   |   volatile acidity <= 0.365
|   |   |   |   |   |   |   |   |   |   |   alcohol <= 12.75
|   |   |   |   |   |   |   |   |   |   |   |   free sulfur dioxide <= 23.5
|   |   |   |   |   |   |   |   |   |   |   |   |   residual sugar <= 1.55: 7 (10.0/3.0)
|   |   |   |   |   |   |   |   |   |   |   |   |   residual sugar > 1.55: 6 (3.0/1.0)
|   |   |   |   |   |   |   |   |   |   |   |   free sulfur dioxide > 23.5: 6 (98.0/27.0)
|   |   |   |   |   |   |   |   |   |   |   alcohol > 12.75
|   |   |   |   |   |   |   |   |   |   |   |   volatile acidity <= 0.175: 8 (2.0)
|   |   |   |   |   |   |   |   |   |   |   |   volatile acidity > 0.175
|   |   |   |   |   |   |   |   |   |   |   |   |   free sulfur dioxide <= 24: 5 (2.0)
|   |   |   |   |   |   |   |   |   |   |   |   |   free sulfur dioxide > 24: 7 (15.0/4.0)
|   |   |   |   |   |   |   |   |   |   volatile acidity > 0.365
|   |   |   |   |   |   |   |   |   |   |   residual sugar <= 1.45: 8 (4.0/1.0)
|   |   |   |   |   |   |   |   |   |   |   residual sugar > 1.45: 7 (2.0)
|   |   |   |   |   |   |   residual sugar > 1.7
|   |   |   |   |   |   |   |   volatile acidity <= 0.19
|   |   |   |   |   |   |   |   |   residual sugar <= 1.95: 7 (3.0)
|   |   |   |   |   |   |   |   |   residual sugar > 1.95
|   |   |   |   |   |   |   |   |   |   volatile acidity <= 0.16
|   |   |   |   |   |   |   |   |   |   |   pH <= 3.21: 8 (4.0)
|   |   |   |   |   |   |   |   |   |   |   pH > 3.21: 6 (4.0/1.0)
|   |   |   |   |   |   |   |   |   |   volatile acidity > 0.16: 6 (16.0/2.0)
|   |   |   |   |   |   |   |   volatile acidity > 0.19
|   |   |   |   |   |   |   |   |   chlorides <= 0.038
|   |   |   |   |   |   |   |   |   |   total sulfur dioxide <= 95
|   |   |   |   |   |   |   |   |   |   |   volatile acidity <= 0.395
|   |   |   |   |   |   |   |   |   |   |   |   citric acid <= 0.4: 7 (42.0/12.0)
|   |   |   |   |   |   |   |   |   |   |   |   citric acid > 0.4: 6 (4.0)
|   |   |   |   |   |   |   |   |   |   |   volatile acidity > 0.395: 6 (5.0)
|   |   |   |   |   |   |   |   |   |   total sulfur dioxide > 95
|   |   |   |   |   |   |   |   |   |   |   fixed acidity <= 5.9
|   |   |   |   |   |   |   |   |   |   |   |   sulphates <= 0.32: 7 (5.0/1.0)
|   |   |   |   |   |   |   |   |   |   |   |   sulphates > 0.32
|   |   |   |   |   |   |   |   |   |   |   |   |   sulphates <= 0.38: 8 (7.0/2.0)
|   |   |   |   |   |   |   |   |   |   |   |   |   sulphates > 0.38
|   |   |   |   |   |   |   |   |   |   |   |   |   |   alcohol <= 12.9: 6 (21.0/6.0)
|   |   |   |   |   |   |   |   |   |   |   |   |   |   alcohol > 12.9
|   |   |   |   |   |   |   |   |   |   |   |   |   |   |   citric acid <= 0.25: 7 (8.0/3.0)
|   |   |   |   |   |   |   |   |   |   |   |   |   |   |   citric acid > 0.25: 8 (3.0)
|   |   |   |   |   |   |   |   |   |   |   fixed acidity > 5.9
|   |   |   |   |   |   |   |   |   |   |   |   free sulfur dioxide <= 55: 7 (196.0/72.0)
|   |   |   |   |   |   |   |   |   |   |   |   free sulfur dioxide > 55: 8 (3.0/1.0)
|   |   |   |   |   |   |   |   |   chlorides > 0.038
|   |   |   |   |   |   |   |   |   |   free sulfur dioxide <= 41.5
|   |   |   |   |   |   |   |   |   |   |   volatile acidity <= 0.245: 6 (14.0/4.0)
|   |   |   |   |   |   |   |   |   |   |   volatile acidity > 0.245
|   |   |   |   |   |   |   |   |   |   |   |   alcohol <= 11.75: 8 (2.0)
|   |   |   |   |   |   |   |   |   |   |   |   alcohol > 11.75
|   |   |   |   |   |   |   |   |   |   |   |   |   wine type = red
|   |   |   |   |   |   |   |   |   |   |   |   |   |   pH <= 3.36: 7 (9.0/1.0)
|   |   |   |   |   |   |   |   |   |   |   |   |   |   pH > 3.36: 6 (8.0/2.0)
|   |   |   |   |   |   |   |   |   |   |   |   |   wine type = white
|   |   |   |   |   |   |   |   |   |   |   |   |   |   chlorides <= 0.05
|   |   |   |   |   |   |   |   |   |   |   |   |   |   |   fixed acidity <= 5.6: 6 (2.0)
|   |   |   |   |   |   |   |   |   |   |   |   |   |   |   fixed acidity > 5.6: 7 (50.0/17.0)
|   |   |   |   |   |   |   |   |   |   |   |   |   |   chlorides > 0.05
|   |   |   |   |   |   |   |   |   |   |   |   |   |   |   volatile acidity <= 0.285: 5 (2.0/1.0)
|   |   |   |   |   |   |   |   |   |   |   |   |   |   |   volatile acidity > 0.285: 6 (8.0/2.0)
|   |   |   |   |   |   |   |   |   |   free sulfur dioxide > 41.5: 6 (20.0/5.0)
|   |   |   |   |   |   free sulfur dioxide > 60.5
|   |   |   |   |   |   |   residual sugar <= 1.75: 7 (4.0)
|   |   |   |   |   |   |   residual sugar > 1.75
|   |   |   |   |   |   |   |   alcohol <= 12.75: 8 (7.0/1.0)
|   |   |   |   |   |   |   |   alcohol > 12.75: 7 (2.0)
|   |   |   |   |   citric acid > 0.73: 6 (14.0/1.0)
|   |   volatile acidity > 0.52
|   |   |   sulphates <= 0.37: 5 (7.0)
|   |   |   sulphates > 0.37
|   |   |   |   chlorides <= 0.037
|   |   |   |   |   volatile acidity <= 0.54: 8 (4.0)
|   |   |   |   |   volatile acidity > 0.54: 6 (14.0/4.0)
|   |   |   |   chlorides > 0.037
|   |   |   |   |   sulphates <= 0.61
|   |   |   |   |   |   free sulfur dioxide <= 31
|   |   |   |   |   |   |   citric acid <= 0.02
|   |   |   |   |   |   |   |   residual sugar <= 2.4: 6 (11.0)
|   |   |   |   |   |   |   |   residual sugar > 2.4: 4 (2.0/1.0)
|   |   |   |   |   |   |   citric acid > 0.02
|   |   |   |   |   |   |   |   fixed acidity <= 6.9: 5 (10.0/2.0)
|   |   |   |   |   |   |   |   fixed acidity > 6.9: 6 (2.0)
|   |   |   |   |   |   free sulfur dioxide > 31: 7 (3.0/1.0)
|   |   |   |   |   sulphates > 0.61
|   |   |   |   |   |   citric acid <= 0.03: 7 (9.0/1.0)
|   |   |   |   |   |   citric acid > 0.03
|   |   |   |   |   |   |   alcohol <= 12.6
|   |   |   |   |   |   |   |   density <= 0.99659
|   |   |   |   |   |   |   |   |   sulphates <= 0.64: 5 (2.0/1.0)
|   |   |   |   |   |   |   |   |   sulphates > 0.64: 6 (6.0)
|   |   |   |   |   |   |   |   density > 0.99659: 7 (4.0/1.0)
|   |   |   |   |   |   |   alcohol > 12.6
|   |   |   |   |   |   |   |   fixed acidity <= 11.3: 8 (5.0/1.0)
|   |   |   |   |   |   |   |   fixed acidity > 11.3: 5 (2.0/1.0)

Number of Leaves  : 	328

Size of the tree : 	655


Time taken to build model: 0.69 seconds
Time taken to test model on training data: 0.08 seconds

=== Error on training data ===

Correctly Classified Instances        3915               74.6425 %
Incorrectly Classified Instances      1330               25.3575 %
Kappa statistic                          0.6102
Mean absolute error                      0.1067
Root mean squared error                  0.231 
Relative absolute error                 55.6209 %
Root relative squared error             74.5932 %
Total Number of Instances             5245     


=== Confusion Matrix ===

    a    b    c    d    e    f    g   <-- classified as
    9    2    8    5    1    0    0 |    a = 3
    1   60   69   34    0    0    0 |    b = 4
    0    6 1376  356   11    1    0 |    c = 5
    1    6  337 1835   92    3    0 |    d = 6
    1    3   33  265  570    2    0 |    e = 7
    1    1    3   38   46   65    0 |    f = 8
    0    0    0    1    2    1    0 |    g = 9


=== Error on test data ===

Correctly Classified Instances         729               58.2268 %
Incorrectly Classified Instances       523               41.7732 %
Kappa statistic                          0.3622
Mean absolute error                      0.1416
Root mean squared error                  0.2988
Relative absolute error                 73.6628 %
Root relative squared error             96.2941 %
Total Number of Instances             1252     


=== Confusion Matrix ===

   a   b   c   d   e   f   g   <-- classified as
   0   0   2   3   0   0   0 |   a = 3
   1   6  26  15   4   0   0 |   b = 4
   1   8 255 115   9   0   0 |   c = 5
   1   7 124 359  70   1   0 |   d = 6
   0   0  11  92  98   4   0 |   e = 7
   0   0   0  15  13  11   0 |   f = 8
   0   0   0   1   0   0   0 |   g = 9

