
Options: -C 0.0010 

J48 pruned tree
------------------

alcohol <= 10.6
|   volatile acidity <= 0.235
|   |   alcohol <= 8.9
|   |   |   pH <= 2.92: 7 (8.0/1.0)
|   |   |   pH > 2.92
|   |   |   |   fixed acidity <= 6.8
|   |   |   |   |   pH <= 3.24: 6 (28.0/4.0)
|   |   |   |   |   pH > 3.24
|   |   |   |   |   |   free sulfur dioxide <= 28: 6 (2.0/1.0)
|   |   |   |   |   |   free sulfur dioxide > 28: 5 (16.0/3.0)
|   |   |   |   fixed acidity > 6.8
|   |   |   |   |   chlorides <= 0.047
|   |   |   |   |   |   fixed acidity <= 7.7: 5 (8.0)
|   |   |   |   |   |   fixed acidity > 7.7: 7 (7.0/1.0)
|   |   |   |   |   chlorides > 0.047
|   |   |   |   |   |   volatile acidity <= 0.225
|   |   |   |   |   |   |   chlorides <= 0.055
|   |   |   |   |   |   |   |   volatile acidity <= 0.175: 8 (2.0)
|   |   |   |   |   |   |   |   volatile acidity > 0.175: 6 (9.0)
|   |   |   |   |   |   |   chlorides > 0.055: 8 (9.0)
|   |   |   |   |   |   volatile acidity > 0.225: 5 (5.0)
|   |   alcohol > 8.9: 6 (758.0/311.0)
|   volatile acidity > 0.235
|   |   alcohol <= 9.8
|   |   |   fixed acidity <= 10: 5 (1461.0/513.0)
|   |   |   fixed acidity > 10
|   |   |   |   sulphates <= 0.59: 5 (14.0/6.0)
|   |   |   |   sulphates > 0.59: 6 (35.0/12.0)
|   |   alcohol > 9.8
|   |   |   sulphates <= 0.48
|   |   |   |   free sulfur dioxide <= 17: 5 (59.0/24.0)
|   |   |   |   free sulfur dioxide > 17
|   |   |   |   |   citric acid <= 0.05: 4 (5.0/2.0)
|   |   |   |   |   citric acid > 0.05: 6 (165.0/83.0)
|   |   |   sulphates > 0.48
|   |   |   |   total sulfur dioxide <= 14
|   |   |   |   |   pH <= 3.31
|   |   |   |   |   |   free sulfur dioxide <= 4: 5 (3.0/1.0)
|   |   |   |   |   |   free sulfur dioxide > 4
|   |   |   |   |   |   |   pH <= 3.23: 6 (7.0/2.0)
|   |   |   |   |   |   |   pH > 3.23: 5 (2.0)
|   |   |   |   |   pH > 3.31: 4 (7.0/3.0)
|   |   |   |   total sulfur dioxide > 14
|   |   |   |   |   volatile acidity <= 0.255
|   |   |   |   |   |   citric acid <= 0.51: 6 (60.0/16.0)
|   |   |   |   |   |   citric acid > 0.51: 5 (5.0/1.0)
|   |   |   |   |   volatile acidity > 0.255
|   |   |   |   |   |   chlorides <= 0.039
|   |   |   |   |   |   |   volatile acidity <= 0.46: 6 (46.0/16.0)
|   |   |   |   |   |   |   volatile acidity > 0.46: 3 (2.0/1.0)
|   |   |   |   |   |   chlorides > 0.039
|   |   |   |   |   |   |   sulphates <= 0.72
|   |   |   |   |   |   |   |   residual sugar <= 1.45
|   |   |   |   |   |   |   |   |   wine type = red: 7 (3.0/1.0)
|   |   |   |   |   |   |   |   |   wine type = white
|   |   |   |   |   |   |   |   |   |   alcohol <= 9.95: 4 (3.0/1.0)
|   |   |   |   |   |   |   |   |   |   alcohol > 9.95: 5 (26.0/9.0)
|   |   |   |   |   |   |   |   residual sugar > 1.45
|   |   |   |   |   |   |   |   |   density <= 0.99315
|   |   |   |   |   |   |   |   |   |   free sulfur dioxide <= 34
|   |   |   |   |   |   |   |   |   |   |   pH <= 3.4: 6 (9.0)
|   |   |   |   |   |   |   |   |   |   |   pH > 3.4: 7 (5.0/1.0)
|   |   |   |   |   |   |   |   |   |   free sulfur dioxide > 34: 5 (8.0/4.0)
|   |   |   |   |   |   |   |   |   density > 0.99315
|   |   |   |   |   |   |   |   |   |   total sulfur dioxide <= 19
|   |   |   |   |   |   |   |   |   |   |   residual sugar <= 1.85: 7 (2.0)
|   |   |   |   |   |   |   |   |   |   |   residual sugar > 1.85: 6 (16.0/3.0)
|   |   |   |   |   |   |   |   |   |   total sulfur dioxide > 19
|   |   |   |   |   |   |   |   |   |   |   total sulfur dioxide <= 21: 5 (10.0)
|   |   |   |   |   |   |   |   |   |   |   total sulfur dioxide > 21
|   |   |   |   |   |   |   |   |   |   |   |   total sulfur dioxide <= 79
|   |   |   |   |   |   |   |   |   |   |   |   |   pH <= 3.16: 5 (14.0/4.0)
|   |   |   |   |   |   |   |   |   |   |   |   |   pH > 3.16
|   |   |   |   |   |   |   |   |   |   |   |   |   |   pH <= 3.43: 6 (84.0/26.0)
|   |   |   |   |   |   |   |   |   |   |   |   |   |   pH > 3.43: 5 (28.0/9.0)
|   |   |   |   |   |   |   |   |   |   |   |   total sulfur dioxide > 79: 5 (126.0/51.0)
|   |   |   |   |   |   |   sulphates > 0.72
|   |   |   |   |   |   |   |   pH <= 3.65
|   |   |   |   |   |   |   |   |   residual sugar <= 4.35
|   |   |   |   |   |   |   |   |   |   chlorides <= 0.058: 7 (5.0/1.0)
|   |   |   |   |   |   |   |   |   |   chlorides > 0.058
|   |   |   |   |   |   |   |   |   |   |   total sulfur dioxide <= 17: 5 (2.0/1.0)
|   |   |   |   |   |   |   |   |   |   |   total sulfur dioxide > 17: 6 (50.0/20.0)
|   |   |   |   |   |   |   |   |   residual sugar > 4.35: 5 (11.0/5.0)
|   |   |   |   |   |   |   |   pH > 3.65: 5 (2.0)
alcohol > 10.6
|   alcohol <= 11.6: 6 (1142.0/556.0)
|   alcohol > 11.6
|   |   pH <= 2.96
|   |   |   volatile acidity <= 0.4: 6 (37.0/9.0)
|   |   |   volatile acidity > 0.4: 8 (3.0/1.0)
|   |   pH > 2.96
|   |   |   free sulfur dioxide <= 19.5
|   |   |   |   sulphates <= 0.72
|   |   |   |   |   total sulfur dioxide <= 19
|   |   |   |   |   |   chlorides <= 0.066: 6 (15.0/7.0)
|   |   |   |   |   |   chlorides > 0.066: 7 (26.0/9.0)
|   |   |   |   |   total sulfur dioxide > 19: 6 (193.0/81.0)
|   |   |   |   sulphates > 0.72
|   |   |   |   |   residual sugar <= 1.65: 6 (7.0/3.0)
|   |   |   |   |   residual sugar > 1.65: 7 (51.0/12.0)
|   |   |   free sulfur dioxide > 19.5
|   |   |   |   citric acid <= 0.73
|   |   |   |   |   free sulfur dioxide <= 60.5
|   |   |   |   |   |   residual sugar <= 1.7
|   |   |   |   |   |   |   chlorides <= 0.022
|   |   |   |   |   |   |   |   total sulfur dioxide <= 100: 6 (3.0/1.0)
|   |   |   |   |   |   |   |   total sulfur dioxide > 100: 7 (7.0/1.0)
|   |   |   |   |   |   |   chlorides > 0.022
|   |   |   |   |   |   |   |   alcohol <= 12.75: 6 (124.0/44.0)
|   |   |   |   |   |   |   |   alcohol > 12.75
|   |   |   |   |   |   |   |   |   volatile acidity <= 0.175: 8 (2.0)
|   |   |   |   |   |   |   |   |   volatile acidity > 0.175
|   |   |   |   |   |   |   |   |   |   free sulfur dioxide <= 24: 5 (3.0/1.0)
|   |   |   |   |   |   |   |   |   |   free sulfur dioxide > 24: 7 (17.0/6.0)
|   |   |   |   |   |   residual sugar > 1.7
|   |   |   |   |   |   |   volatile acidity <= 0.19
|   |   |   |   |   |   |   |   residual sugar <= 1.95: 7 (3.0)
|   |   |   |   |   |   |   |   residual sugar > 1.95: 6 (24.0/7.0)
|   |   |   |   |   |   |   volatile acidity > 0.19
|   |   |   |   |   |   |   |   citric acid <= 0.14: 6 (19.0/8.0)
|   |   |   |   |   |   |   |   citric acid > 0.14
|   |   |   |   |   |   |   |   |   chlorides <= 0.038: 7 (297.0/128.0)
|   |   |   |   |   |   |   |   |   chlorides > 0.038
|   |   |   |   |   |   |   |   |   |   free sulfur dioxide <= 41.5
|   |   |   |   |   |   |   |   |   |   |   volatile acidity <= 0.245: 6 (14.0/4.0)
|   |   |   |   |   |   |   |   |   |   |   volatile acidity > 0.245
|   |   |   |   |   |   |   |   |   |   |   |   alcohol <= 11.75: 8 (2.0)
|   |   |   |   |   |   |   |   |   |   |   |   alcohol > 11.75: 7 (79.0/35.0)
|   |   |   |   |   |   |   |   |   |   free sulfur dioxide > 41.5: 6 (21.0/5.0)
|   |   |   |   |   free sulfur dioxide > 60.5
|   |   |   |   |   |   residual sugar <= 1.75: 7 (5.0/1.0)
|   |   |   |   |   |   residual sugar > 1.75
|   |   |   |   |   |   |   alcohol <= 12.75: 8 (7.0/1.0)
|   |   |   |   |   |   |   alcohol > 12.75: 7 (2.0)
|   |   |   |   citric acid > 0.73: 6 (15.0/2.0)

Number of Leaves  : 	69

Size of the tree : 	137


Time taken to build model: 0.52 seconds
Time taken to test model on training data: 0.1 seconds

=== Error on training data ===

Correctly Classified Instances        3186               60.7436 %
Incorrectly Classified Instances      2059               39.2564 %
Kappa statistic                          0.3772
Mean absolute error                      0.1546
Root mean squared error                  0.278 
Relative absolute error                 80.597  %
Root relative squared error             89.7924 %
Total Number of Instances             5245     


=== Confusion Matrix ===

    a    b    c    d    e    f    g   <-- classified as
    1    2    8   14    0    0    0 |    a = 3
    1    9   91   63    0    0    0 |    b = 4
    0    2 1171  564   12    1    0 |    c = 5
    0    1  489 1662  122    0    0 |    d = 6
    0    1   42  510  320    1    0 |    e = 7
    0    0    2   69   60   23    0 |    f = 8
    0    0    0    1    3    0    0 |    g = 9


=== Error on test data ===

Correctly Classified Instances         677               54.0735 %
Incorrectly Classified Instances       575               45.9265 %
Kappa statistic                          0.2775
Mean absolute error                      0.1645
Root mean squared error                  0.2957
Relative absolute error                 85.5849 %
Root relative squared error             95.315  %
Total Number of Instances             1252     


=== Confusion Matrix ===

   a   b   c   d   e   f   g   <-- classified as
   0   0   3   2   0   0   0 |   a = 3
   0   0  22  28   2   0   0 |   b = 4
   0   2 244 137   4   1   0 |   c = 5
   0   1 144 358  59   0   0 |   d = 6
   0   0  13 123  68   1   0 |   e = 7
   0   0   0  19  13   7   0 |   f = 8
   0   0   0   1   0   0   0 |   g = 9

